{"total": {"lines":{"total":1209,"covered":870,"skipped":0,"pct":71.96},"statements":{"total":1209,"covered":870,"skipped":0,"pct":71.96},"functions":{"total":87,"covered":86,"skipped":0,"pct":98.85},"branches":{"total":207,"covered":184,"skipped":0,"pct":88.88},"branchesTrue":{"total":0,"covered":0,"skipped":0,"pct":100}}
,"C:\\Courses\\IA\\gs-workshop-taskflow\\prisma\\seed.ts": {"lines":{"total":64,"covered":0,"skipped":0,"pct":0},"functions":{"total":1,"covered":0,"skipped":0,"pct":0},"statements":{"total":64,"covered":0,"skipped":0,"pct":0},"branches":{"total":1,"covered":0,"skipped":0,"pct":0}}
,"C:\\Courses\\IA\\gs-workshop-taskflow\\scripts\\score.ts": {"lines":{"total":241,"covered":0,"skipped":0,"pct":0},"functions":{"total":1,"covered":1,"skipped":0,"pct":100},"statements":{"total":241,"covered":0,"skipped":0,"pct":0},"branches":{"total":1,"covered":1,"skipped":0,"pct":100}}
,"C:\\Courses\\IA\\gs-workshop-taskflow\\src\\app.ts": {"lines":{"total":17,"covered":17,"skipped":0,"pct":100},"functions":{"total":1,"covered":1,"skipped":0,"pct":100},"statements":{"total":17,"covered":17,"skipped":0,"pct":100},"branches":{"total":1,"covered":1,"skipped":0,"pct":100}}
,"C:\\Courses\\IA\\gs-workshop-taskflow\\src\\db.ts": {"lines":{"total":4,"covered":4,"skipped":0,"pct":100},"functions":{"total":1,"covered":1,"skipped":0,"pct":100},"statements":{"total":4,"covered":4,"skipped":0,"pct":100},"branches":{"total":1,"covered":1,"skipped":0,"pct":100}}
,"C:\\Courses\\IA\\gs-workshop-taskflow\\src\\index.ts": {"lines":{"total":11,"covered":7,"skipped":0,"pct":63.63},"functions":{"total":0,"covered":0,"skipped":0,"pct":100},"statements":{"total":11,"covered":7,"skipped":0,"pct":63.63},"branches":{"total":1,"covered":0,"skipped":0,"pct":0}}
,"C:\\Courses\\IA\\gs-workshop-taskflow\\src\\auth\\token-service.ts": {"lines":{"total":22,"covered":20,"skipped":0,"pct":90.9},"functions":{"total":3,"covered":3,"skipped":0,"pct":100},"statements":{"total":22,"covered":20,"skipped":0,"pct":90.9},"branches":{"total":7,"covered":6,"skipped":0,"pct":85.71}}
,"C:\\Courses\\IA\\gs-workshop-taskflow\\src\\config\\environment.ts": {"lines":{"total":23,"covered":23,"skipped":0,"pct":100},"functions":{"total":3,"covered":3,"skipped":0,"pct":100},"statements":{"total":23,"covered":23,"skipped":0,"pct":100},"branches":{"total":10,"covered":10,"skipped":0,"pct":100}}
,"C:\\Courses\\IA\\gs-workshop-taskflow\\src\\domain\\models.ts": {"lines":{"total":0,"covered":0,"skipped":0,"pct":100},"functions":{"total":1,"covered":1,"skipped":0,"pct":100},"statements":{"total":0,"covered":0,"skipped":0,"pct":100},"branches":{"total":1,"covered":1,"skipped":0,"pct":100}}
,"C:\\Courses\\IA\\gs-workshop-taskflow\\src\\errors\\application-error.ts": {"lines":{"total":36,"covered":36,"skipped":0,"pct":100},"functions":{"total":7,"covered":7,"skipped":0,"pct":100},"statements":{"total":36,"covered":36,"skipped":0,"pct":100},"branches":{"total":7,"covered":7,"skipped":0,"pct":100}}
,"C:\\Courses\\IA\\gs-workshop-taskflow\\src\\middleware\\authenticate-request.ts": {"lines":{"total":29,"covered":29,"skipped":0,"pct":100},"functions":{"total":3,"covered":3,"skipped":0,"pct":100},"statements":{"total":29,"covered":29,"skipped":0,"pct":100},"branches":{"total":13,"covered":13,"skipped":0,"pct":100}}
,"C:\\Courses\\IA\\gs-workshop-taskflow\\src\\repositories\\create-application-services.ts": {"lines":{"total":25,"covered":25,"skipped":0,"pct":100},"functions":{"total":1,"covered":1,"skipped":0,"pct":100},"statements":{"total":25,"covered":25,"skipped":0,"pct":100},"branches":{"total":1,"covered":1,"skipped":0,"pct":100}}
,"C:\\Courses\\IA\\gs-workshop-taskflow\\src\\repositories\\prisma-activity-repository.ts": {"lines":{"total":37,"covered":33,"skipped":0,"pct":89.18},"functions":{"total":5,"covered":5,"skipped":0,"pct":100},"statements":{"total":37,"covered":33,"skipped":0,"pct":89.18},"branches":{"total":9,"covered":6,"skipped":0,"pct":66.66}}
,"C:\\Courses\\IA\\gs-workshop-taskflow\\src\\repositories\\prisma-board-repository.ts": {"lines":{"total":103,"covered":101,"skipped":0,"pct":98.05},"functions":{"total":9,"covered":9,"skipped":0,"pct":100},"statements":{"total":103,"covered":101,"skipped":0,"pct":98.05},"branches":{"total":18,"covered":16,"skipped":0,"pct":88.88}}
,"C:\\Courses\\IA\\gs-workshop-taskflow\\src\\repositories\\prisma-card-repository.ts": {"lines":{"total":128,"covered":128,"skipped":0,"pct":100},"functions":{"total":11,"covered":11,"skipped":0,"pct":100},"statements":{"total":128,"covered":128,"skipped":0,"pct":100},"branches":{"total":21,"covered":17,"skipped":0,"pct":80.95}}
,"C:\\Courses\\IA\\gs-workshop-taskflow\\src\\repositories\\prisma-user-repository.ts": {"lines":{"total":12,"covered":12,"skipped":0,"pct":100},"functions":{"total":4,"covered":4,"skipped":0,"pct":100},"statements":{"total":12,"covered":12,"skipped":0,"pct":100},"branches":{"total":4,"covered":4,"skipped":0,"pct":100}}
,"C:\\Courses\\IA\\gs-workshop-taskflow\\src\\routes\\activity.ts": {"lines":{"total":31,"covered":31,"skipped":0,"pct":100},"functions":{"total":1,"covered":1,"skipped":0,"pct":100},"statements":{"total":31,"covered":31,"skipped":0,"pct":100},"branches":{"total":4,"covered":4,"skipped":0,"pct":100}}
,"C:\\Courses\\IA\\gs-workshop-taskflow\\src\\routes\\async-route-handler.ts": {"lines":{"total":5,"covered":5,"skipped":0,"pct":100},"functions":{"total":1,"covered":1,"skipped":0,"pct":100},"statements":{"total":5,"covered":5,"skipped":0,"pct":100},"branches":{"total":2,"covered":2,"skipped":0,"pct":100}}
,"C:\\Courses\\IA\\gs-workshop-taskflow\\src\\routes\\boards.ts": {"lines":{"total":46,"covered":46,"skipped":0,"pct":100},"functions":{"total":1,"covered":1,"skipped":0,"pct":100},"statements":{"total":46,"covered":46,"skipped":0,"pct":100},"branches":{"total":7,"covered":7,"skipped":0,"pct":100}}
,"C:\\Courses\\IA\\gs-workshop-taskflow\\src\\routes\\cards.ts": {"lines":{"total":80,"covered":80,"skipped":0,"pct":100},"functions":{"total":1,"covered":1,"skipped":0,"pct":100},"statements":{"total":80,"covered":80,"skipped":0,"pct":100},"branches":{"total":10,"covered":10,"skipped":0,"pct":100}}
,"C:\\Courses\\IA\\gs-workshop-taskflow\\src\\routes\\error-handler.ts": {"lines":{"total":12,"covered":12,"skipped":0,"pct":100},"functions":{"total":2,"covered":2,"skipped":0,"pct":100},"statements":{"total":12,"covered":12,"skipped":0,"pct":100},"branches":{"total":4,"covered":4,"skipped":0,"pct":100}}
,"C:\\Courses\\IA\\gs-workshop-taskflow\\src\\routes\\request-parsing.ts": {"lines":{"total":40,"covered":32,"skipped":0,"pct":80},"functions":{"total":5,"covered":5,"skipped":0,"pct":100},"statements":{"total":40,"covered":32,"skipped":0,"pct":80},"branches":{"total":18,"covered":14,"skipped":0,"pct":77.77}}
,"C:\\Courses\\IA\\gs-workshop-taskflow\\src\\routes\\users.ts": {"lines":{"total":37,"covered":37,"skipped":0,"pct":100},"functions":{"total":1,"covered":1,"skipped":0,"pct":100},"statements":{"total":37,"covered":37,"skipped":0,"pct":100},"branches":{"total":4,"covered":4,"skipped":0,"pct":100}}
,"C:\\Courses\\IA\\gs-workshop-taskflow\\src\\services\\activity-service.ts": {"lines":{"total":28,"covered":28,"skipped":0,"pct":100},"functions":{"total":4,"covered":4,"skipped":0,"pct":100},"statements":{"total":28,"covered":28,"skipped":0,"pct":100},"branches":{"total":7,"covered":7,"skipped":0,"pct":100}}
,"C:\\Courses\\IA\\gs-workshop-taskflow\\src\\services\\boards-service.ts": {"lines":{"total":60,"covered":54,"skipped":0,"pct":90},"functions":{"total":7,"covered":7,"skipped":0,"pct":100},"statements":{"total":60,"covered":54,"skipped":0,"pct":90},"branches":{"total":21,"covered":18,"skipped":0,"pct":85.71}}
,"C:\\Courses\\IA\\gs-workshop-taskflow\\src\\services\\cards-service.ts": {"lines":{"total":71,"covered":65,"skipped":0,"pct":91.54},"functions":{"total":8,"covered":8,"skipped":0,"pct":100},"statements":{"total":71,"covered":65,"skipped":0,"pct":91.54},"branches":{"total":23,"covered":20,"skipped":0,"pct":86.95}}
,"C:\\Courses\\IA\\gs-workshop-taskflow\\src\\services\\users-service.ts": {"lines":{"total":47,"covered":45,"skipped":0,"pct":95.74},"functions":{"total":5,"covered":5,"skipped":0,"pct":100},"statements":{"total":47,"covered":45,"skipped":0,"pct":95.74},"branches":{"total":11,"covered":10,"skipped":0,"pct":90.9}}
}
