{"total": {"lines":{"total":464,"covered":330,"skipped":0,"pct":71.12},"statements":{"total":464,"covered":330,"skipped":0,"pct":71.12},"functions":{"total":35,"covered":23,"skipped":0,"pct":65.71},"branches":{"total":71,"covered":50,"skipped":0,"pct":70.42},"branchesTrue":{"total":0,"covered":0,"skipped":0,"pct":100}}
,"C:\\Users\\Agustin.Medrano\\Documents\\gs-workshop-taskflow\\src\\db.ts": {"lines":{"total":3,"covered":3,"skipped":0,"pct":100},"functions":{"total":0,"covered":0,"skipped":0,"pct":100},"statements":{"total":3,"covered":3,"skipped":0,"pct":100},"branches":{"total":0,"covered":0,"skipped":0,"pct":100}}
,"C:\\Users\\Agustin.Medrano\\Documents\\gs-workshop-taskflow\\src\\index.ts": {"lines":{"total":16,"covered":13,"skipped":0,"pct":81.25},"functions":{"total":0,"covered":0,"skipped":0,"pct":100},"statements":{"total":16,"covered":13,"skipped":0,"pct":81.25},"branches":{"total":1,"covered":0,"skipped":0,"pct":0}}
,"C:\\Users\\Agustin.Medrano\\Documents\\gs-workshop-taskflow\\src\\middleware\\auth.ts": {"lines":{"total":12,"covered":12,"skipped":0,"pct":100},"functions":{"total":2,"covered":2,"skipped":0,"pct":100},"statements":{"total":12,"covered":12,"skipped":0,"pct":100},"branches":{"total":4,"covered":4,"skipped":0,"pct":100}}
,"C:\\Users\\Agustin.Medrano\\Documents\\gs-workshop-taskflow\\src\\repositories\\activity.repository.ts": {"lines":{"total":12,"covered":12,"skipped":0,"pct":100},"functions":{"total":2,"covered":2,"skipped":0,"pct":100},"statements":{"total":12,"covered":12,"skipped":0,"pct":100},"branches":{"total":4,"covered":4,"skipped":0,"pct":100}}
,"C:\\Users\\Agustin.Medrano\\Documents\\gs-workshop-taskflow\\src\\repositories\\board.repository.ts": {"lines":{"total":39,"covered":33,"skipped":0,"pct":84.61},"functions":{"total":6,"covered":4,"skipped":0,"pct":66.66},"statements":{"total":39,"covered":33,"skipped":0,"pct":84.61},"branches":{"total":4,"covered":4,"skipped":0,"pct":100}}
,"C:\\Users\\Agustin.Medrano\\Documents\\gs-workshop-taskflow\\src\\repositories\\card.repository.ts": {"lines":{"total":52,"covered":39,"skipped":0,"pct":75},"functions":{"total":7,"covered":3,"skipped":0,"pct":42.85},"statements":{"total":52,"covered":39,"skipped":0,"pct":75},"branches":{"total":4,"covered":4,"skipped":0,"pct":100}}
,"C:\\Users\\Agustin.Medrano\\Documents\\gs-workshop-taskflow\\src\\repositories\\comment.repository.ts": {"lines":{"total":4,"covered":4,"skipped":0,"pct":100},"functions":{"total":1,"covered":1,"skipped":0,"pct":100},"statements":{"total":4,"covered":4,"skipped":0,"pct":100},"branches":{"total":1,"covered":1,"skipped":0,"pct":100}}
,"C:\\Users\\Agustin.Medrano\\Documents\\gs-workshop-taskflow\\src\\repositories\\user.repository.ts": {"lines":{"total":10,"covered":7,"skipped":0,"pct":70},"functions":{"total":3,"covered":2,"skipped":0,"pct":66.66},"statements":{"total":10,"covered":7,"skipped":0,"pct":70},"branches":{"total":2,"covered":2,"skipped":0,"pct":100}}
,"C:\\Users\\Agustin.Medrano\\Documents\\gs-workshop-taskflow\\src\\routes\\activity.ts": {"lines":{"total":30,"covered":30,"skipped":0,"pct":100},"functions":{"total":0,"covered":0,"skipped":0,"pct":100},"statements":{"total":30,"covered":30,"skipped":0,"pct":100},"branches":{"total":9,"covered":7,"skipped":0,"pct":77.77}}
,"C:\\Users\\Agustin.Medrano\\Documents\\gs-workshop-taskflow\\src\\routes\\boards.ts": {"lines":{"total":56,"covered":26,"skipped":0,"pct":46.42},"functions":{"total":0,"covered":0,"skipped":0,"pct":100},"statements":{"total":56,"covered":26,"skipped":0,"pct":46.42},"branches":{"total":5,"covered":2,"skipped":0,"pct":40}}
,"C:\\Users\\Agustin.Medrano\\Documents\\gs-workshop-taskflow\\src\\routes\\cards.ts": {"lines":{"total":79,"covered":42,"skipped":0,"pct":53.16},"functions":{"total":0,"covered":0,"skipped":0,"pct":100},"statements":{"total":79,"covered":42,"skipped":0,"pct":53.16},"branches":{"total":10,"covered":4,"skipped":0,"pct":40}}
,"C:\\Users\\Agustin.Medrano\\Documents\\gs-workshop-taskflow\\src\\routes\\users.ts": {"lines":{"total":26,"covered":20,"skipped":0,"pct":76.92},"functions":{"total":0,"covered":0,"skipped":0,"pct":100},"statements":{"total":26,"covered":20,"skipped":0,"pct":76.92},"branches":{"total":5,"covered":3,"skipped":0,"pct":60}}
,"C:\\Users\\Agustin.Medrano\\Documents\\gs-workshop-taskflow\\src\\services\\activity.service.ts": {"lines":{"total":22,"covered":20,"skipped":0,"pct":90.9},"functions":{"total":2,"covered":2,"skipped":0,"pct":100},"statements":{"total":22,"covered":20,"skipped":0,"pct":90.9},"branches":{"total":7,"covered":6,"skipped":0,"pct":85.71}}
,"C:\\Users\\Agustin.Medrano\\Documents\\gs-workshop-taskflow\\src\\services\\board.service.ts": {"lines":{"total":23,"covered":11,"skipped":0,"pct":47.82},"functions":{"total":4,"covered":2,"skipped":0,"pct":50},"statements":{"total":23,"covered":11,"skipped":0,"pct":47.82},"branches":{"total":4,"covered":2,"skipped":0,"pct":50}}
,"C:\\Users\\Agustin.Medrano\\Documents\\gs-workshop-taskflow\\src\\services\\card.service.ts": {"lines":{"total":51,"covered":39,"skipped":0,"pct":76.47},"functions":{"total":5,"covered":3,"skipped":0,"pct":60},"statements":{"total":51,"covered":39,"skipped":0,"pct":76.47},"branches":{"total":6,"covered":4,"skipped":0,"pct":66.66}}
,"C:\\Users\\Agustin.Medrano\\Documents\\gs-workshop-taskflow\\src\\services\\user.service.ts": {"lines":{"total":29,"covered":19,"skipped":0,"pct":65.51},"functions":{"total":3,"covered":2,"skipped":0,"pct":66.66},"statements":{"total":29,"covered":19,"skipped":0,"pct":65.51},"branches":{"total":5,"covered":3,"skipped":0,"pct":60}}
}
