{"total": {"lines":{"total":454,"covered":403,"skipped":0,"pct":88.76},"statements":{"total":454,"covered":403,"skipped":0,"pct":88.76},"functions":{"total":36,"covered":33,"skipped":0,"pct":91.66},"branches":{"total":90,"covered":76,"skipped":0,"pct":84.44},"branchesTrue":{"total":0,"covered":0,"skipped":0,"pct":100}}
,"C:\\Users\\Luis.Romero\\Repositories\\ai-training\\gs-workshop-taskflow\\src\\config.ts": {"lines":{"total":5,"covered":5,"skipped":0,"pct":100},"functions":{"total":0,"covered":0,"skipped":0,"pct":100},"statements":{"total":5,"covered":5,"skipped":0,"pct":100},"branches":{"total":0,"covered":0,"skipped":0,"pct":100}}
,"C:\\Users\\Luis.Romero\\Repositories\\ai-training\\gs-workshop-taskflow\\src\\index.ts": {"lines":{"total":25,"covered":23,"skipped":0,"pct":92},"functions":{"total":0,"covered":0,"skipped":0,"pct":100},"statements":{"total":25,"covered":23,"skipped":0,"pct":92},"branches":{"total":4,"covered":3,"skipped":0,"pct":75}}
,"C:\\Users\\Luis.Romero\\Repositories\\ai-training\\gs-workshop-taskflow\\src\\interfaces\\repositories.ts": {"lines":{"total":0,"covered":0,"skipped":0,"pct":100},"functions":{"total":1,"covered":1,"skipped":0,"pct":100},"statements":{"total":0,"covered":0,"skipped":0,"pct":100},"branches":{"total":1,"covered":1,"skipped":0,"pct":100}}
,"C:\\Users\\Luis.Romero\\Repositories\\ai-training\\gs-workshop-taskflow\\src\\lib\\auth.ts": {"lines":{"total":9,"covered":0,"skipped":0,"pct":0},"functions":{"total":1,"covered":1,"skipped":0,"pct":100},"statements":{"total":9,"covered":0,"skipped":0,"pct":0},"branches":{"total":1,"covered":1,"skipped":0,"pct":100}}
,"C:\\Users\\Luis.Romero\\Repositories\\ai-training\\gs-workshop-taskflow\\src\\middleware\\authenticate.ts": {"lines":{"total":17,"covered":15,"skipped":0,"pct":88.23},"functions":{"total":1,"covered":1,"skipped":0,"pct":100},"statements":{"total":17,"covered":15,"skipped":0,"pct":88.23},"branches":{"total":4,"covered":3,"skipped":0,"pct":75}}
,"C:\\Users\\Luis.Romero\\Repositories\\ai-training\\gs-workshop-taskflow\\src\\middleware\\validate.ts": {"lines":{"total":14,"covered":8,"skipped":0,"pct":57.14},"functions":{"total":1,"covered":1,"skipped":0,"pct":100},"statements":{"total":14,"covered":8,"skipped":0,"pct":57.14},"branches":{"total":3,"covered":2,"skipped":0,"pct":66.66}}
,"C:\\Users\\Luis.Romero\\Repositories\\ai-training\\gs-workshop-taskflow\\src\\routes\\activity.ts": {"lines":{"total":45,"covered":35,"skipped":0,"pct":77.77},"functions":{"total":2,"covered":2,"skipped":0,"pct":100},"statements":{"total":45,"covered":35,"skipped":0,"pct":77.77},"branches":{"total":8,"covered":3,"skipped":0,"pct":37.5}}
,"C:\\Users\\Luis.Romero\\Repositories\\ai-training\\gs-workshop-taskflow\\src\\routes\\boards.ts": {"lines":{"total":50,"covered":40,"skipped":0,"pct":80},"functions":{"total":1,"covered":1,"skipped":0,"pct":100},"statements":{"total":50,"covered":40,"skipped":0,"pct":80},"branches":{"total":8,"covered":6,"skipped":0,"pct":75}}
,"C:\\Users\\Luis.Romero\\Repositories\\ai-training\\gs-workshop-taskflow\\src\\routes\\cards.ts": {"lines":{"total":70,"covered":64,"skipped":0,"pct":91.42},"functions":{"total":1,"covered":1,"skipped":0,"pct":100},"statements":{"total":70,"covered":64,"skipped":0,"pct":91.42},"branches":{"total":12,"covered":9,"skipped":0,"pct":75}}
,"C:\\Users\\Luis.Romero\\Repositories\\ai-training\\gs-workshop-taskflow\\src\\routes\\users.ts": {"lines":{"total":46,"covered":44,"skipped":0,"pct":95.65},"functions":{"total":4,"covered":3,"skipped":0,"pct":75},"statements":{"total":46,"covered":44,"skipped":0,"pct":95.65},"branches":{"total":9,"covered":8,"skipped":0,"pct":88.88}}
,"C:\\Users\\Luis.Romero\\Repositories\\ai-training\\gs-workshop-taskflow\\src\\schemas\\boards.schema.ts": {"lines":{"total":7,"covered":7,"skipped":0,"pct":100},"functions":{"total":0,"covered":0,"skipped":0,"pct":100},"statements":{"total":7,"covered":7,"skipped":0,"pct":100},"branches":{"total":0,"covered":0,"skipped":0,"pct":100}}
,"C:\\Users\\Luis.Romero\\Repositories\\ai-training\\gs-workshop-taskflow\\src\\schemas\\cards.schema.ts": {"lines":{"total":14,"covered":14,"skipped":0,"pct":100},"functions":{"total":0,"covered":0,"skipped":0,"pct":100},"statements":{"total":14,"covered":14,"skipped":0,"pct":100},"branches":{"total":0,"covered":0,"skipped":0,"pct":100}}
,"C:\\Users\\Luis.Romero\\Repositories\\ai-training\\gs-workshop-taskflow\\src\\schemas\\users.schema.ts": {"lines":{"total":10,"covered":10,"skipped":0,"pct":100},"functions":{"total":0,"covered":0,"skipped":0,"pct":100},"statements":{"total":10,"covered":10,"skipped":0,"pct":100},"branches":{"total":0,"covered":0,"skipped":0,"pct":100}}
,"C:\\Users\\Luis.Romero\\Repositories\\ai-training\\gs-workshop-taskflow\\src\\services\\activity.service.ts": {"lines":{"total":16,"covered":16,"skipped":0,"pct":100},"functions":{"total":3,"covered":3,"skipped":0,"pct":100},"statements":{"total":16,"covered":16,"skipped":0,"pct":100},"branches":{"total":5,"covered":5,"skipped":0,"pct":100}}
,"C:\\Users\\Luis.Romero\\Repositories\\ai-training\\gs-workshop-taskflow\\src\\services\\boards.service.ts": {"lines":{"total":25,"covered":25,"skipped":0,"pct":100},"functions":{"total":5,"covered":5,"skipped":0,"pct":100},"statements":{"total":25,"covered":25,"skipped":0,"pct":100},"branches":{"total":11,"covered":11,"skipped":0,"pct":100}}
,"C:\\Users\\Luis.Romero\\Repositories\\ai-training\\gs-workshop-taskflow\\src\\services\\cards.service.ts": {"lines":{"total":37,"covered":37,"skipped":0,"pct":100},"functions":{"total":6,"covered":6,"skipped":0,"pct":100},"statements":{"total":37,"covered":37,"skipped":0,"pct":100},"branches":{"total":9,"covered":9,"skipped":0,"pct":100}}
,"C:\\Users\\Luis.Romero\\Repositories\\ai-training\\gs-workshop-taskflow\\src\\services\\users.service.ts": {"lines":{"total":27,"covered":27,"skipped":0,"pct":100},"functions":{"total":4,"covered":4,"skipped":0,"pct":100},"statements":{"total":27,"covered":27,"skipped":0,"pct":100},"branches":{"total":10,"covered":10,"skipped":0,"pct":100}}
,"C:\\Users\\Luis.Romero\\Repositories\\ai-training\\gs-workshop-taskflow\\src\\types\\index.ts": {"lines":{"total":37,"covered":33,"skipped":0,"pct":89.18},"functions":{"total":6,"covered":4,"skipped":0,"pct":66.66},"statements":{"total":37,"covered":33,"skipped":0,"pct":89.18},"branches":{"total":5,"covered":5,"skipped":0,"pct":100}}
}
