TN:
SF:src\routes\activity.ts
FN:7,verifyToken
FNF:1
FNH:1
FNDA:1,verifyToken
DA:1,1
DA:2,1
DA:3,1
DA:5,1
DA:7,1
DA:8,1
DA:9,1
DA:10,0
DA:11,0
DA:12,0
DA:13,0
DA:16,1
DA:17,1
DA:18,1
DA:19,1
DA:20,1
DA:21,1
DA:22,1
DA:24,0
DA:25,0
DA:26,0
DA:27,0
DA:28,0
DA:29,0
DA:30,0
DA:33,1
DA:34,1
DA:35,1
DA:36,1
DA:37,1
DA:38,1
DA:39,1
DA:40,1
DA:42,1
LF:34
LH:23
BRDA:7,0,0,1
BRDA:9,1,0,0
BRDA:16,2,0,1
BRDA:22,3,0,0
BRDA:33,4,0,1
BRF:5
BRH:3
end_of_record
TN:
SF:src\routes\boards.ts
FN:8,verifyToken
FN:18,checkMember
FNF:2
FNH:2
FNDA:10,verifyToken
FNDA:3,checkMember
DA:1,1
DA:2,1
DA:3,1
DA:5,1
DA:8,10
DA:9,10
DA:10,10
DA:11,6
DA:13,6
DA:14,6
DA:15,6
DA:18,3
DA:19,3
DA:20,3
DA:21,3
DA:22,3
DA:23,3
DA:26,1
DA:27,2
DA:28,2
DA:29,2
DA:30,2
DA:31,1
DA:32,1
DA:33,1
DA:35,1
DA:36,1
DA:38,2
DA:39,2
DA:40,2
DA:41,2
DA:42,1
DA:43,1
DA:46,1
DA:47,4
DA:48,4
DA:49,4
DA:50,4
DA:51,1
DA:52,1
DA:53,1
DA:55,3
DA:56,3
DA:57,4
DA:58,1
DA:59,1
DA:60,1
DA:62,2
DA:63,4
DA:64,1
DA:65,1
DA:66,1
DA:68,1
DA:70,1
DA:76,1
DA:77,1
DA:78,1
DA:79,1
DA:81,1
DA:83,1
DA:84,1
DA:85,1
DA:86,0
DA:87,0
DA:88,0
DA:89,1
DA:90,1
DA:91,1
DA:92,1
DA:94,1
DA:95,1
DA:98,1
DA:99,2
DA:100,2
DA:101,2
DA:102,2
DA:103,1
DA:104,1
DA:105,1
DA:107,1
DA:108,1
DA:109,1
DA:110,1
DA:111,1
DA:114,1
DA:115,2
DA:116,2
DA:117,2
DA:118,2
DA:119,1
DA:120,1
DA:121,1
DA:123,1
DA:124,1
DA:126,1
DA:127,1
DA:128,1
DA:130,1
LF:98
LH:95
BRDA:8,0,0,10
BRDA:10,1,0,4
BRDA:10,2,0,6
BRDA:18,3,0,3
BRDA:26,4,0,2
BRDA:30,5,0,1
BRDA:41,6,0,1
BRDA:46,7,0,4
BRDA:50,8,0,1
BRDA:53,9,0,3
BRDA:57,10,0,1
BRDA:60,11,0,2
BRDA:63,12,0,1
BRDA:85,13,0,0
BRDA:98,14,0,2
BRDA:102,15,0,1
BRDA:114,16,0,2
BRDA:118,17,0,1
BRF:18
BRH:17
end_of_record
TN:
SF:src\routes\cards.ts
FN:8,verifyToken
FNF:1
FNH:1
FNDA:11,verifyToken
DA:1,1
DA:2,1
DA:3,1
DA:5,1
DA:8,11
DA:9,11
DA:10,11
DA:11,7
DA:13,7
DA:14,7
DA:15,7
DA:18,1
DA:19,3
DA:20,3
DA:21,3
DA:22,1
DA:23,1
DA:24,1
DA:26,2
DA:27,3
DA:28,1
DA:29,1
DA:30,1
DA:31,1
DA:33,1
DA:34,1
DA:35,1
DA:36,1
DA:37,1
DA:38,1
DA:39,1
DA:40,1
DA:43,1
DA:44,2
DA:45,2
DA:46,2
DA:47,1
DA:48,1
DA:49,1
DA:51,1
DA:53,1
DA:54,1
DA:55,1
DA:56,1
DA:57,1
DA:58,1
DA:61,1
DA:62,2
DA:63,2
DA:64,2
DA:65,2
DA:66,0
DA:67,0
DA:68,0
DA:70,2
DA:71,2
DA:73,2
DA:74,2
DA:75,2
DA:76,2
DA:77,2
DA:78,0
DA:79,0
DA:80,0
DA:82,2
DA:83,2
DA:85,2
DA:86,2
DA:87,2
DA:88,2
DA:89,2
DA:90,2
DA:91,2
DA:92,2
DA:93,2
DA:94,2
DA:95,2
DA:96,2
DA:97,2
DA:98,2
DA:99,2
DA:100,2
DA:101,2
DA:103,1
DA:104,1
DA:105,1
DA:106,1
DA:107,1
DA:108,2
DA:111,1
DA:112,2
DA:113,2
DA:114,2
DA:115,2
DA:116,1
DA:117,1
DA:118,1
DA:120,1
DA:121,1
DA:122,1
DA:123,1
DA:124,1
DA:127,1
DA:128,2
DA:129,2
DA:130,2
DA:131,1
DA:132,1
DA:133,1
DA:135,1
DA:137,1
DA:138,1
DA:139,1
DA:141,1
LF:114
LH:108
BRDA:8,0,0,11
BRDA:10,1,0,4
BRDA:10,2,0,7
BRDA:18,3,0,3
BRDA:21,4,0,1
BRDA:24,5,0,2
BRDA:27,6,0,1
BRDA:43,7,0,2
BRDA:46,8,0,1
BRDA:61,9,0,2
BRDA:65,10,0,0
BRDA:77,11,0,0
BRDA:101,12,0,1
BRDA:105,13,0,0
BRDA:111,14,0,2
BRDA:115,15,0,1
BRDA:127,16,0,2
BRDA:130,17,0,1
BRF:18
BRH:15
end_of_record
TN:
SF:src\routes\users.ts
FN:10,verifyToken
FNF:1
FNH:0
FNDA:0,verifyToken
DA:1,1
DA:2,1
DA:3,1
DA:4,1
DA:6,1
DA:10,0
DA:11,0
DA:12,0
DA:13,0
DA:15,0
DA:16,0
DA:17,0
DA:20,1
DA:21,2
DA:22,2
DA:23,2
DA:25,2
DA:26,2
DA:29,1
DA:30,3
DA:31,3
DA:32,3
DA:33,1
DA:34,1
DA:35,1
DA:36,2
DA:37,3
DA:38,1
DA:39,1
DA:40,1
DA:41,1
DA:42,1
DA:43,1
DA:46,1
DA:47,2
DA:48,2
DA:49,1
DA:50,1
DA:51,1
DA:53,1
DA:54,1
DA:56,1
LF:42
LH:35
BRDA:20,0,0,2
BRDA:29,1,0,3
BRDA:32,2,0,1
BRDA:35,3,0,2
BRDA:37,4,0,1
BRDA:46,5,0,2
BRDA:48,6,0,1
BRF:7
BRH:7
end_of_record
